min_delay/hold group asynchronous

                                     Required Actual
Endpoint                              Delay  Delay  Slack
---------------------------------------------------------
_102975_/RESETN (DFFASRHQNx1_ASAP7_75t_R)   37.1   50.0   12.9 (MET)
_102976_/RESETN (DFFASRHQNx1_ASAP7_75t_R)   37.1   50.0   12.9 (MET)
_102977_/RESETN (DFFASRHQNx1_ASAP7_75t_R)   37.1   50.0   12.9 (MET)
_102978_/RESETN (DFFASRHQNx1_ASAP7_75t_R)   37.1   50.0   12.9 (MET)
_102979_/RESETN (DFFASRHQNx1_ASAP7_75t_R)   37.1   50.0   12.9 (MET)
_102980_/RESETN (DFFASRHQNx1_ASAP7_75t_R)   37.1   50.0   12.9 (MET)
_102981_/RESETN (DFFASRHQNx1_ASAP7_75t_R)   37.1   50.0   12.9 (MET)
_102982_/RESETN (DFFASRHQNx1_ASAP7_75t_R)   37.1   50.0   12.9 (MET)
_103265_/RESETN (DFFASRHQNx1_ASAP7_75t_R)   37.1   50.0   12.9 (MET)
_103266_/RESETN (DFFASRHQNx1_ASAP7_75t_R)   37.1   50.0   12.9 (MET)
_103267_/RESETN (DFFASRHQNx1_ASAP7_75t_R)   37.1   50.0   12.9 (MET)
_103268_/RESETN (DFFASRHQNx1_ASAP7_75t_R)   37.1   50.0   12.9 (MET)
_103269_/RESETN (DFFASRHQNx1_ASAP7_75t_R)   37.1   50.0   12.9 (MET)
_103270_/RESETN (DFFASRHQNx1_ASAP7_75t_R)   37.1   50.0   12.9 (MET)
_103271_/RESETN (DFFASRHQNx1_ASAP7_75t_R)   37.1   50.0   12.9 (MET)
_103272_/RESETN (DFFASRHQNx1_ASAP7_75t_R)   37.1   50.0   12.9 (MET)
_103273_/RESETN (DFFASRHQNx1_ASAP7_75t_R)   37.1   50.0   12.9 (MET)
_103274_/RESETN (DFFASRHQNx1_ASAP7_75t_R)   37.1   50.0   12.9 (MET)
_103275_/RESETN (DFFASRHQNx1_ASAP7_75t_R)   37.1   50.0   12.9 (MET)
_103276_/RESETN (DFFASRHQNx1_ASAP7_75t_R)   37.1   50.0   12.9 (MET)
_103277_/RESETN (DFFASRHQNx1_ASAP7_75t_R)   37.1   50.0   12.9 (MET)
_103278_/RESETN (DFFASRHQNx1_ASAP7_75t_R)   37.1   50.0   12.9 (MET)
_103279_/RESETN (DFFASRHQNx1_ASAP7_75t_R)   37.1   50.0   12.9 (MET)
_103280_/RESETN (DFFASRHQNx1_ASAP7_75t_R)   37.1   50.0   12.9 (MET)
_104127_/RESETN (DFFASRHQNx1_ASAP7_75t_R)   37.1   50.0   12.9 (MET)
_104128_/RESETN (DFFASRHQNx1_ASAP7_75t_R)   37.1   50.0   12.9 (MET)
_104129_/RESETN (DFFASRHQNx1_ASAP7_75t_R)   37.1   50.0   12.9 (MET)
_104130_/RESETN (DFFASRHQNx1_ASAP7_75t_R)   37.1   50.0   12.9 (MET)
_104131_/RESETN (DFFASRHQNx1_ASAP7_75t_R)   37.1   50.0   12.9 (MET)
_104132_/RESETN (DFFASRHQNx1_ASAP7_75t_R)   37.1   50.0   12.9 (MET)
_104133_/RESETN (DFFASRHQNx1_ASAP7_75t_R)   37.1   50.0   12.9 (MET)
_104134_/RESETN (DFFASRHQNx1_ASAP7_75t_R)   37.1   50.0   12.9 (MET)
_104135_/RESETN (DFFASRHQNx1_ASAP7_75t_R)   37.1   50.0   12.9 (MET)
_104136_/RESETN (DFFASRHQNx1_ASAP7_75t_R)   37.1   50.0   12.9 (MET)
_104137_/RESETN (DFFASRHQNx1_ASAP7_75t_R)   37.1   50.0   12.9 (MET)
_104138_/RESETN (DFFASRHQNx1_ASAP7_75t_R)   37.1   50.0   12.9 (MET)
_104139_/RESETN (DFFASRHQNx1_ASAP7_75t_R)   37.1   50.0   12.9 (MET)
_104140_/RESETN (DFFASRHQNx1_ASAP7_75t_R)   37.1   50.0   12.9 (MET)
_104141_/RESETN (DFFASRHQNx1_ASAP7_75t_R)   37.1   50.0   12.9 (MET)
_104142_/RESETN (DFFASRHQNx1_ASAP7_75t_R)   37.1   50.0   12.9 (MET)
_104709_/RESETN (DFFASRHQNx1_ASAP7_75t_R)   37.1   50.0   12.9 (MET)
_104710_/RESETN (DFFASRHQNx1_ASAP7_75t_R)   37.1   50.0   12.9 (MET)
_104711_/RESETN (DFFASRHQNx1_ASAP7_75t_R)   37.1   50.0   12.9 (MET)
_104712_/RESETN (DFFASRHQNx1_ASAP7_75t_R)   37.1   50.0   12.9 (MET)
_104713_/RESETN (DFFASRHQNx1_ASAP7_75t_R)   37.1   50.0   12.9 (MET)
_104714_/RESETN (DFFASRHQNx1_ASAP7_75t_R)   37.1   50.0   12.9 (MET)
_104715_/RESETN (DFFASRHQNx1_ASAP7_75t_R)   37.1   50.0   12.9 (MET)
_104716_/RESETN (DFFASRHQNx1_ASAP7_75t_R)   37.1   50.0   12.9 (MET)
_104717_/RESETN (DFFASRHQNx1_ASAP7_75t_R)   37.1   50.0   12.9 (MET)
_104718_/RESETN (DFFASRHQNx1_ASAP7_75t_R)   37.1   50.0   12.9 (MET)

min_delay/hold group clk

                                     Required Actual
Endpoint                              Delay  Delay  Slack
---------------------------------------------------------
u_fast.g_banks[0].u_bank/ce_in (fakeram7_256x8)   60.0   92.4   32.4 (MET)
u_fast.g_banks[1].u_bank/ce_in (fakeram7_256x8)   60.0   92.4   32.4 (MET)
u_fast.g_banks[2].u_bank/ce_in (fakeram7_256x8)   60.0   92.4   32.4 (MET)
u_fast.g_banks[3].u_bank/ce_in (fakeram7_256x8)   60.0   92.4   32.4 (MET)
u_fast.g_banks[4].u_bank/ce_in (fakeram7_256x8)   60.0   92.4   32.4 (MET)
u_fast.g_banks[5].u_bank/ce_in (fakeram7_256x8)   60.0   92.4   32.4 (MET)
u_fast.g_banks[6].u_bank/ce_in (fakeram7_256x8)   60.0   92.4   32.4 (MET)
_109786_/D (DFFASRHQNx1_ASAP7_75t_R)   16.8   50.0   33.2 (MET)
u_fast.g_banks[1].u_bank/wd_in[0] (fakeram7_256x8)   60.0   97.3   37.3 (MET)
u_fast.g_banks[3].u_bank/wd_in[0] (fakeram7_256x8)   60.0   97.3   37.3 (MET)
_105598_/D (DFFHQNx1_ASAP7_75t_R)      18.7   58.1   39.4 (MET)
_109534_/D (DFFHQNx1_ASAP7_75t_R)      17.9   57.5   39.5 (MET)
_103461_/D (DFFHQNx1_ASAP7_75t_R)      18.7   58.5   39.8 (MET)
_103518_/D (DFFHQNx1_ASAP7_75t_R)      18.7   58.5   39.8 (MET)
_103630_/D (DFFHQNx1_ASAP7_75t_R)      18.7   58.5   39.8 (MET)
_103743_/D (DFFHQNx1_ASAP7_75t_R)      18.7   58.5   39.8 (MET)
_103799_/D (DFFHQNx1_ASAP7_75t_R)      18.7   58.5   39.8 (MET)
_103911_/D (DFFHQNx1_ASAP7_75t_R)      18.7   58.5   39.8 (MET)
_104024_/D (DFFHQNx1_ASAP7_75t_R)      18.7   58.5   39.8 (MET)
_104080_/D (DFFHQNx1_ASAP7_75t_R)      18.7   58.5   39.8 (MET)
_104209_/D (DFFHQNx1_ASAP7_75t_R)      18.7   58.5   39.8 (MET)
_104380_/D (DFFHQNx1_ASAP7_75t_R)      18.7   58.5   39.8 (MET)
_104549_/D (DFFHQNx1_ASAP7_75t_R)      18.7   58.5   39.8 (MET)
_104605_/D (DFFHQNx1_ASAP7_75t_R)      18.7   58.5   39.8 (MET)
_105175_/D (DFFHQNx1_ASAP7_75t_R)      18.7   58.5   39.8 (MET)
_105232_/D (DFFHQNx1_ASAP7_75t_R)      18.7   58.5   39.8 (MET)
_105288_/D (DFFHQNx1_ASAP7_75t_R)      18.7   58.5   39.8 (MET)
_105572_/D (DFFHQNx1_ASAP7_75t_R)      18.7   58.5   39.8 (MET)
_105628_/D (DFFHQNx1_ASAP7_75t_R)      18.7   58.5   39.8 (MET)
_105685_/D (DFFHQNx1_ASAP7_75t_R)      18.7   58.5   39.8 (MET)
_105797_/D (DFFHQNx1_ASAP7_75t_R)      18.7   58.5   39.8 (MET)
_105861_/D (DFFHQNx1_ASAP7_75t_R)      18.7   58.5   39.8 (MET)
_105918_/D (DFFHQNx1_ASAP7_75t_R)      18.7   58.5   39.8 (MET)
_106086_/D (DFFHQNx1_ASAP7_75t_R)      18.7   58.5   39.8 (MET)
_106143_/D (DFFHQNx1_ASAP7_75t_R)      18.7   58.5   39.8 (MET)
_106199_/D (DFFHQNx1_ASAP7_75t_R)      18.7   58.5   39.8 (MET)
_106371_/D (DFFHQNx1_ASAP7_75t_R)      18.7   58.5   39.8 (MET)
_106539_/D (DFFHQNx1_ASAP7_75t_R)      18.7   58.5   39.8 (MET)
_106596_/D (DFFHQNx1_ASAP7_75t_R)      18.7   58.5   39.8 (MET)
_106652_/D (DFFHQNx1_ASAP7_75t_R)      18.7   58.5   39.8 (MET)
_106862_/D (DFFHQNx1_ASAP7_75t_R)      18.7   58.5   39.8 (MET)
_106974_/D (DFFHQNx1_ASAP7_75t_R)      18.7   58.5   39.8 (MET)
_107087_/D (DFFHQNx1_ASAP7_75t_R)      18.7   58.5   39.8 (MET)
_107143_/D (DFFHQNx1_ASAP7_75t_R)      18.7   58.5   39.8 (MET)
_103494_/D (DFFHQNx1_ASAP7_75t_R)      18.7   58.5   39.8 (MET)
_103551_/D (DFFHQNx1_ASAP7_75t_R)      18.7   58.5   39.8 (MET)
_103607_/D (DFFHQNx1_ASAP7_75t_R)      18.7   58.5   39.8 (MET)
_103663_/D (DFFHQNx1_ASAP7_75t_R)      18.7   58.5   39.8 (MET)
_104057_/D (DFFHQNx1_ASAP7_75t_R)      18.7   58.5   39.8 (MET)
_104242_/D (DFFHQNx1_ASAP7_75t_R)      18.7   58.5   39.8 (MET)

