max_delay/setup group asynchronous

                                     Required Actual
Endpoint                              Delay  Delay  Slack
---------------------------------------------------------
_107985_/SETN (DFFASRHQNx1_ASAP7_75t_R) 5385.4  100.0 5285.4 (MET)
_107993_/SETN (DFFASRHQNx1_ASAP7_75t_R) 5385.4  100.0 5285.4 (MET)
_108001_/SETN (DFFASRHQNx1_ASAP7_75t_R) 5385.4  100.0 5285.4 (MET)
_108009_/SETN (DFFASRHQNx1_ASAP7_75t_R) 5385.4  100.0 5285.4 (MET)
_108017_/SETN (DFFASRHQNx1_ASAP7_75t_R) 5385.4  100.0 5285.4 (MET)
_108025_/SETN (DFFASRHQNx1_ASAP7_75t_R) 5385.4  100.0 5285.4 (MET)
_108033_/SETN (DFFASRHQNx1_ASAP7_75t_R) 5385.4  100.0 5285.4 (MET)
_109041_/SETN (DFFASRHQNx1_ASAP7_75t_R) 5385.4  100.0 5285.4 (MET)
_109049_/SETN (DFFASRHQNx1_ASAP7_75t_R) 5385.4  100.0 5285.4 (MET)
_109057_/SETN (DFFASRHQNx1_ASAP7_75t_R) 5385.4  100.0 5285.4 (MET)
_109065_/SETN (DFFASRHQNx1_ASAP7_75t_R) 5385.4  100.0 5285.4 (MET)
_109081_/SETN (DFFASRHQNx1_ASAP7_75t_R) 5385.4  100.0 5285.4 (MET)
_109097_/SETN (DFFASRHQNx1_ASAP7_75t_R) 5385.4  100.0 5285.4 (MET)
_109105_/SETN (DFFASRHQNx1_ASAP7_75t_R) 5385.4  100.0 5285.4 (MET)
_109716_/SETN (DFFASRHQNx1_ASAP7_75t_R) 5385.4  100.0 5285.4 (MET)
_102975_/RESETN (DFFASRHQNx1_ASAP7_75t_R) 5406.6  100.0 5306.6 (MET)
_102976_/RESETN (DFFASRHQNx1_ASAP7_75t_R) 5406.6  100.0 5306.6 (MET)
_102977_/RESETN (DFFASRHQNx1_ASAP7_75t_R) 5406.6  100.0 5306.6 (MET)
_102978_/RESETN (DFFASRHQNx1_ASAP7_75t_R) 5406.6  100.0 5306.6 (MET)
_102979_/RESETN (DFFASRHQNx1_ASAP7_75t_R) 5406.6  100.0 5306.6 (MET)
_102980_/RESETN (DFFASRHQNx1_ASAP7_75t_R) 5406.6  100.0 5306.6 (MET)
_102981_/RESETN (DFFASRHQNx1_ASAP7_75t_R) 5406.6  100.0 5306.6 (MET)
_102982_/RESETN (DFFASRHQNx1_ASAP7_75t_R) 5406.6  100.0 5306.6 (MET)
_103265_/RESETN (DFFASRHQNx1_ASAP7_75t_R) 5406.6  100.0 5306.6 (MET)
_103266_/RESETN (DFFASRHQNx1_ASAP7_75t_R) 5406.6  100.0 5306.6 (MET)
_103267_/RESETN (DFFASRHQNx1_ASAP7_75t_R) 5406.6  100.0 5306.6 (MET)
_103268_/RESETN (DFFASRHQNx1_ASAP7_75t_R) 5406.6  100.0 5306.6 (MET)
_103269_/RESETN (DFFASRHQNx1_ASAP7_75t_R) 5406.6  100.0 5306.6 (MET)
_103270_/RESETN (DFFASRHQNx1_ASAP7_75t_R) 5406.6  100.0 5306.6 (MET)
_103271_/RESETN (DFFASRHQNx1_ASAP7_75t_R) 5406.6  100.0 5306.6 (MET)
_103272_/RESETN (DFFASRHQNx1_ASAP7_75t_R) 5406.6  100.0 5306.6 (MET)
_103273_/RESETN (DFFASRHQNx1_ASAP7_75t_R) 5406.6  100.0 5306.6 (MET)
_103274_/RESETN (DFFASRHQNx1_ASAP7_75t_R) 5406.6  100.0 5306.6 (MET)
_103275_/RESETN (DFFASRHQNx1_ASAP7_75t_R) 5406.6  100.0 5306.6 (MET)
_103276_/RESETN (DFFASRHQNx1_ASAP7_75t_R) 5406.6  100.0 5306.6 (MET)
_103277_/RESETN (DFFASRHQNx1_ASAP7_75t_R) 5406.6  100.0 5306.6 (MET)
_103278_/RESETN (DFFASRHQNx1_ASAP7_75t_R) 5406.6  100.0 5306.6 (MET)
_103279_/RESETN (DFFASRHQNx1_ASAP7_75t_R) 5406.6  100.0 5306.6 (MET)
_103280_/RESETN (DFFASRHQNx1_ASAP7_75t_R) 5406.6  100.0 5306.6 (MET)
_104127_/RESETN (DFFASRHQNx1_ASAP7_75t_R) 5406.6  100.0 5306.6 (MET)
_104128_/RESETN (DFFASRHQNx1_ASAP7_75t_R) 5406.6  100.0 5306.6 (MET)
_104129_/RESETN (DFFASRHQNx1_ASAP7_75t_R) 5406.6  100.0 5306.6 (MET)
_104130_/RESETN (DFFASRHQNx1_ASAP7_75t_R) 5406.6  100.0 5306.6 (MET)
_104131_/RESETN (DFFASRHQNx1_ASAP7_75t_R) 5406.6  100.0 5306.6 (MET)
_104132_/RESETN (DFFASRHQNx1_ASAP7_75t_R) 5406.6  100.0 5306.6 (MET)
_104133_/RESETN (DFFASRHQNx1_ASAP7_75t_R) 5406.6  100.0 5306.6 (MET)
_104134_/RESETN (DFFASRHQNx1_ASAP7_75t_R) 5406.6  100.0 5306.6 (MET)
_104135_/RESETN (DFFASRHQNx1_ASAP7_75t_R) 5406.6  100.0 5306.6 (MET)
_104136_/RESETN (DFFASRHQNx1_ASAP7_75t_R) 5406.6  100.0 5306.6 (MET)
_104137_/RESETN (DFFASRHQNx1_ASAP7_75t_R) 5406.6  100.0 5306.6 (MET)

max_delay/setup group clk

                                     Required Actual
Endpoint                              Delay  Delay  Slack
---------------------------------------------------------
_108246_/D (DFFASRHQNx1_ASAP7_75t_R) 5380.6 5212.9  167.7 (MET)
_108247_/D (DFFASRHQNx1_ASAP7_75t_R) 5380.6 5212.9  167.7 (MET)
_108248_/D (DFFASRHQNx1_ASAP7_75t_R) 5380.6 5212.9  167.7 (MET)
_108249_/D (DFFASRHQNx1_ASAP7_75t_R) 5380.6 5212.9  167.7 (MET)
_108250_/D (DFFASRHQNx1_ASAP7_75t_R) 5380.6 5212.9  167.7 (MET)
_108251_/D (DFFASRHQNx1_ASAP7_75t_R) 5380.6 5212.9  167.7 (MET)
_108252_/D (DFFASRHQNx1_ASAP7_75t_R) 5380.6 5212.9  167.7 (MET)
_108255_/D (DFFASRHQNx1_ASAP7_75t_R) 5380.6 5212.9  167.7 (MET)
_108256_/D (DFFASRHQNx1_ASAP7_75t_R) 5380.6 5212.9  167.7 (MET)
_108257_/D (DFFASRHQNx1_ASAP7_75t_R) 5380.6 5212.9  167.7 (MET)
_108261_/D (DFFASRHQNx1_ASAP7_75t_R) 5380.6 5212.9  167.7 (MET)
_108262_/D (DFFASRHQNx1_ASAP7_75t_R) 5380.6 5212.9  167.7 (MET)
_108271_/D (DFFASRHQNx1_ASAP7_75t_R) 5380.6 5212.9  167.7 (MET)
_108272_/D (DFFASRHQNx1_ASAP7_75t_R) 5380.6 5212.9  167.7 (MET)
_108273_/D (DFFASRHQNx1_ASAP7_75t_R) 5380.6 5212.9  167.7 (MET)
_108274_/D (DFFASRHQNx1_ASAP7_75t_R) 5380.6 5212.9  167.7 (MET)
_108275_/D (DFFASRHQNx1_ASAP7_75t_R) 5380.6 5212.9  167.7 (MET)
_108276_/D (DFFASRHQNx1_ASAP7_75t_R) 5380.6 5212.9  167.7 (MET)
_108277_/D (DFFASRHQNx1_ASAP7_75t_R) 5380.6 5212.9  167.7 (MET)
_108279_/D (DFFASRHQNx1_ASAP7_75t_R) 5380.6 5212.9  167.7 (MET)
_108280_/D (DFFASRHQNx1_ASAP7_75t_R) 5380.6 5212.9  167.7 (MET)
_108281_/D (DFFASRHQNx1_ASAP7_75t_R) 5380.6 5212.9  167.7 (MET)
_108283_/D (DFFASRHQNx1_ASAP7_75t_R) 5380.6 5212.9  167.7 (MET)
_108284_/D (DFFASRHQNx1_ASAP7_75t_R) 5380.6 5212.9  167.7 (MET)
_108285_/D (DFFASRHQNx1_ASAP7_75t_R) 5380.6 5212.9  167.7 (MET)
_108286_/D (DFFASRHQNx1_ASAP7_75t_R) 5380.6 5212.9  167.7 (MET)
_108295_/D (DFFASRHQNx1_ASAP7_75t_R) 5380.6 5212.9  167.7 (MET)
_108296_/D (DFFASRHQNx1_ASAP7_75t_R) 5380.6 5212.9  167.7 (MET)
_108297_/D (DFFASRHQNx1_ASAP7_75t_R) 5380.6 5212.9  167.7 (MET)
_108298_/D (DFFASRHQNx1_ASAP7_75t_R) 5380.6 5212.9  167.7 (MET)
_108299_/D (DFFASRHQNx1_ASAP7_75t_R) 5380.6 5212.9  167.7 (MET)
_108300_/D (DFFASRHQNx1_ASAP7_75t_R) 5380.6 5212.9  167.7 (MET)
_108301_/D (DFFASRHQNx1_ASAP7_75t_R) 5380.6 5212.9  167.7 (MET)
_108303_/D (DFFASRHQNx1_ASAP7_75t_R) 5380.6 5212.9  167.7 (MET)
_108304_/D (DFFASRHQNx1_ASAP7_75t_R) 5380.6 5212.9  167.7 (MET)
_108305_/D (DFFASRHQNx1_ASAP7_75t_R) 5380.6 5212.9  167.7 (MET)
_108307_/D (DFFASRHQNx1_ASAP7_75t_R) 5380.6 5212.9  167.7 (MET)
_108308_/D (DFFASRHQNx1_ASAP7_75t_R) 5380.6 5212.9  167.7 (MET)
_108309_/D (DFFASRHQNx1_ASAP7_75t_R) 5380.6 5212.9  167.7 (MET)
_108319_/D (DFFASRHQNx1_ASAP7_75t_R) 5380.6 5212.9  167.7 (MET)
_108320_/D (DFFASRHQNx1_ASAP7_75t_R) 5380.6 5212.9  167.7 (MET)
_108321_/D (DFFASRHQNx1_ASAP7_75t_R) 5380.6 5212.9  167.7 (MET)
_108322_/D (DFFASRHQNx1_ASAP7_75t_R) 5380.6 5212.9  167.7 (MET)
_108323_/D (DFFASRHQNx1_ASAP7_75t_R) 5380.6 5212.9  167.7 (MET)
_108324_/D (DFFASRHQNx1_ASAP7_75t_R) 5380.6 5212.9  167.7 (MET)
_108325_/D (DFFASRHQNx1_ASAP7_75t_R) 5380.6 5212.9  167.7 (MET)
_108327_/D (DFFASRHQNx1_ASAP7_75t_R) 5380.6 5212.9  167.7 (MET)
_108329_/D (DFFASRHQNx1_ASAP7_75t_R) 5380.6 5212.9  167.7 (MET)
_108331_/D (DFFASRHQNx1_ASAP7_75t_R) 5380.6 5212.9  167.7 (MET)
_108332_/D (DFFASRHQNx1_ASAP7_75t_R) 5380.6 5212.9  167.7 (MET)

