OpenROAD f9a281cbef559fa804558075ceefd38f9f16bf5f 
Features included (+) or not (-): +GPU -GUI -Python
This program is licensed under the BSD-3 license. See the LICENSE file for details.
Components of this program may be licensed under more restrictive licenses which must be honored.
[INFO ODB-0227] LEF file: $KIT/inputs/plat/asap7_tech_1x_201209.lef, created 30 layers, 9 vias
[INFO ODB-0227] LEF file: $KIT/inputs/plat/asap7sc7p5t_28_R_1x_220121a.lef, created 212 library cells
[INFO ODB-0394] Duplicate site asap7sc7p5t in asap7sc7p5t_28_L_1x_220121a already seen in asap7sc7p5t_28_R_1x_220121a
[INFO ODB-0227] LEF file: $KIT/inputs/plat/asap7sc7p5t_28_L_1x_220121a.lef, created 212 library cells
[INFO ODB-0394] Duplicate site asap7sc7p5t in asap7sc7p5t_28_SL_1x_220121a already seen in asap7sc7p5t_28_R_1x_220121a
[INFO ODB-0227] LEF file: $KIT/inputs/plat/asap7sc7p5t_28_SL_1x_220121a.lef, created 212 library cells
[INFO ODB-0227] LEF file: $KIT/inputs/fakeram/fakeram7_256x8.lef, created 1 library cells
[WARNING STA-1212] $KIT/inputs/plat/lib/asap7sc7p5t_SIMPLE_SLVT_TT_nldm_211120.lib line 13178, timing group from output port.
[WARNING STA-1212] $KIT/inputs/plat/lib/asap7sc7p5t_SIMPLE_SLVT_TT_nldm_211120.lib line 13211, timing group from output port.
[WARNING STA-1212] $KIT/inputs/plat/lib/asap7sc7p5t_SIMPLE_SLVT_TT_nldm_211120.lib line 13244, timing group from output port.
[WARNING STA-1212] $KIT/inputs/plat/lib/asap7sc7p5t_SIMPLE_SLVT_TT_nldm_211120.lib line 13277, timing group from output port.
[WARNING STA-1212] $KIT/inputs/plat/lib/asap7sc7p5t_SIMPLE_SLVT_TT_nldm_211120.lib line 13310, timing group from output port.
[WARNING STA-1212] $KIT/inputs/plat/lib/asap7sc7p5t_SIMPLE_SLVT_TT_nldm_211120.lib line 13343, timing group from output port.
[WARNING STA-1212] $KIT/inputs/plat/lib/asap7sc7p5t_SIMPLE_SLVT_TT_nldm_211120.lib line 13376, timing group from output port.
[WARNING STA-1212] $KIT/inputs/plat/lib/asap7sc7p5t_SIMPLE_SLVT_TT_nldm_211120.lib line 14772, timing group from output port.
[WARNING STA-1212] $KIT/inputs/plat/lib/asap7sc7p5t_SIMPLE_SLVT_TT_nldm_211120.lib line 14805, timing group from output port.
[WARNING STA-1212] $KIT/inputs/plat/lib/asap7sc7p5t_SIMPLE_SLVT_TT_nldm_211120.lib line 14838, timing group from output port.
[WARNING STA-1212] $KIT/inputs/plat/lib/asap7sc7p5t_SIMPLE_RVT_TT_nldm_211120.lib line 13178, timing group from output port.
[WARNING STA-1212] $KIT/inputs/plat/lib/asap7sc7p5t_SIMPLE_RVT_TT_nldm_211120.lib line 13211, timing group from output port.
[WARNING STA-1212] $KIT/inputs/plat/lib/asap7sc7p5t_SIMPLE_RVT_TT_nldm_211120.lib line 13244, timing group from output port.
[WARNING STA-1212] $KIT/inputs/plat/lib/asap7sc7p5t_SIMPLE_RVT_TT_nldm_211120.lib line 13277, timing group from output port.
[WARNING STA-1212] $KIT/inputs/plat/lib/asap7sc7p5t_SIMPLE_RVT_TT_nldm_211120.lib line 13310, timing group from output port.
[WARNING STA-1212] $KIT/inputs/plat/lib/asap7sc7p5t_SIMPLE_RVT_TT_nldm_211120.lib line 13343, timing group from output port.
[WARNING STA-1212] $KIT/inputs/plat/lib/asap7sc7p5t_SIMPLE_RVT_TT_nldm_211120.lib line 13376, timing group from output port.
[WARNING STA-1212] $KIT/inputs/plat/lib/asap7sc7p5t_SIMPLE_RVT_TT_nldm_211120.lib line 14772, timing group from output port.
[WARNING STA-1212] $KIT/inputs/plat/lib/asap7sc7p5t_SIMPLE_RVT_TT_nldm_211120.lib line 14805, timing group from output port.
[WARNING STA-1212] $KIT/inputs/plat/lib/asap7sc7p5t_SIMPLE_RVT_TT_nldm_211120.lib line 14838, timing group from output port.
[WARNING STA-1212] $KIT/inputs/plat/lib/asap7sc7p5t_SIMPLE_LVT_TT_nldm_211120.lib line 13178, timing group from output port.
[WARNING STA-1212] $KIT/inputs/plat/lib/asap7sc7p5t_SIMPLE_LVT_TT_nldm_211120.lib line 13211, timing group from output port.
[WARNING STA-1212] $KIT/inputs/plat/lib/asap7sc7p5t_SIMPLE_LVT_TT_nldm_211120.lib line 13244, timing group from output port.
[WARNING STA-1212] $KIT/inputs/plat/lib/asap7sc7p5t_SIMPLE_LVT_TT_nldm_211120.lib line 13277, timing group from output port.
[WARNING STA-1212] $KIT/inputs/plat/lib/asap7sc7p5t_SIMPLE_LVT_TT_nldm_211120.lib line 13310, timing group from output port.
[WARNING STA-1212] $KIT/inputs/plat/lib/asap7sc7p5t_SIMPLE_LVT_TT_nldm_211120.lib line 13343, timing group from output port.
[WARNING STA-1212] $KIT/inputs/plat/lib/asap7sc7p5t_SIMPLE_LVT_TT_nldm_211120.lib line 13376, timing group from output port.
[WARNING STA-1212] $KIT/inputs/plat/lib/asap7sc7p5t_SIMPLE_LVT_TT_nldm_211120.lib line 14772, timing group from output port.
[WARNING STA-1212] $KIT/inputs/plat/lib/asap7sc7p5t_SIMPLE_LVT_TT_nldm_211120.lib line 14805, timing group from output port.
[WARNING STA-1212] $KIT/inputs/plat/lib/asap7sc7p5t_SIMPLE_LVT_TT_nldm_211120.lib line 14838, timing group from output port.
===== check_setup =====

===== RESULT =====
worst setup slack: 167.72849842769
worst hold  slack: 12.862773397841917
tns max 0.00
===== STA COMPLETE (orchestrator_top @ 5500ps) =====
